Using pre-set license
Built from '2022.3/release' branch; Version is '2022.3.5f1 (9674261d40ee) revision 9860134'; Using compiler version '192829333'; Build Type 'Release'
OS: 'Windows 10  (10.0.19045) 64bit Professional' Language: 'es' Physical Memory: 8129 MB
BatchMode: 1, IsHumanControllingUs: 0, StartBugReporterOnCrash: 0, Is64bit: 1, IsPro: 1

COMMAND LINE ARGUMENTS:
C:\Program Files\Unity\Hub\Editor\2022.3.5f1\Editor\Unity.exe
-adb2
-batchMode
-noUpm
-name
AssetImportWorker1
-projectPath
C:/Users/Alumne/Downloads/3D1_M06UF2_Examen-main/3D1_M06UF2_Examen-main/Examen_Eduard-Granollers
-logFile
Logs/AssetImportWorker1.log
-srvPort
50285
Successfully changed project path to: C:/Users/Alumne/Downloads/3D1_M06UF2_Examen-main/3D1_M06UF2_Examen-main/Examen_Eduard-Granollers
C:/Users/Alumne/Downloads/3D1_M06UF2_Examen-main/3D1_M06UF2_Examen-main/Examen_Eduard-Granollers
[UnityMemory] Configuration Parameters - Can be set up in boot.config
    "memorysetup-bucket-allocator-granularity=16"
    "memorysetup-bucket-allocator-bucket-count=8"
    "memorysetup-bucket-allocator-block-size=33554432"
    "memorysetup-bucket-allocator-block-count=8"
    "memorysetup-main-allocator-block-size=16777216"
    "memorysetup-thread-allocator-block-size=16777216"
    "memorysetup-gfx-main-allocator-block-size=16777216"
    "memorysetup-gfx-thread-allocator-block-size=16777216"
    "memorysetup-cache-allocator-block-size=4194304"
    "memorysetup-typetree-allocator-block-size=2097152"
    "memorysetup-profiler-bucket-allocator-granularity=16"
    "memorysetup-profiler-bucket-allocator-bucket-count=8"
    "memorysetup-profiler-bucket-allocator-block-size=33554432"
    "memorysetup-profiler-bucket-allocator-block-count=8"
    "memorysetup-profiler-allocator-block-size=16777216"
    "memorysetup-profiler-editor-allocator-block-size=1048576"
    "memorysetup-temp-allocator-size-main=16777216"
    "memorysetup-job-temp-allocator-block-size=2097152"
    "memorysetup-job-temp-allocator-block-size-background=1048576"
    "memorysetup-job-temp-allocator-reduction-small-platforms=262144"
    "memorysetup-allocator-temp-initial-block-size-main=262144"
    "memorysetup-allocator-temp-initial-block-size-worker=262144"
    "memorysetup-temp-allocator-size-background-worker=32768"
    "memorysetup-temp-allocator-size-job-worker=262144"
    "memorysetup-temp-allocator-size-preload-manager=33554432"
    "memorysetup-temp-allocator-size-nav-mesh-worker=65536"
    "memorysetup-temp-allocator-size-audio-worker=65536"
    "memorysetup-temp-allocator-size-cloud-worker=32768"
    "memorysetup-temp-allocator-size-gi-baking-worker=262144"
    "memorysetup-temp-allocator-size-gfx=262144"
Player connection [3336] Host "[IP] 192.168.1.79 [Port] 0 [Flags] 2 [Guid] 688547167 [EditorId] 688547167 [Version] 1048832 [Id] WindowsEditor(7,DESKTOP-MOTLFD3) [Debug] 1 [PackageName] WindowsEditor [ProjectName] Editor" joined multi-casting on [225.0.0.222:54997]...

Player connection [3336] Host "[IP] 192.168.1.79 [Port] 0 [Flags] 2 [Guid] 688547167 [EditorId] 688547167 [Version] 1048832 [Id] WindowsEditor(7,DESKTOP-MOTLFD3) [Debug] 1 [PackageName] WindowsEditor [ProjectName] Editor" joined alternative multi-casting on [225.0.0.222:34997]...

Refreshing native plugins compatible for Editor in 9.24 ms, found 2 plugins.
Preloading 0 native plugins for Editor in 0.00 ms.
Initialize engine version: 2022.3.5f1 (9674261d40ee)
[Subsystems] Discovering subsystems at path C:/Program Files/Unity/Hub/Editor/2022.3.5f1/Editor/Data/Resources/UnitySubsystems
[Subsystems] Discovering subsystems at path C:/Users/Alumne/Downloads/3D1_M06UF2_Examen-main/3D1_M06UF2_Examen-main/Examen_Eduard-Granollers/Assets
GfxDevice: creating device client; threaded=0; jobified=0
Direct3D:
    Version:  Direct3D 11.0 [level 11.1]
    Renderer: NVIDIA GeForce GTX 1650 (ID=0x1f82)
    Vendor:   NVIDIA
    VRAM:     3949 MB
    Driver:   31.0.15.3623
Initialize mono
Mono path[0] = 'C:/Program Files/Unity/Hub/Editor/2022.3.5f1/Editor/Data/Managed'
Mono path[1] = 'C:/Program Files/Unity/Hub/Editor/2022.3.5f1/Editor/Data/MonoBleedingEdge/lib/mono/unityjit-win32'
Mono config path = 'C:/Program Files/Unity/Hub/Editor/2022.3.5f1/Editor/Data/MonoBleedingEdge/etc'
Using monoOptions --debugger-agent=transport=dt_socket,embedding=1,server=y,suspend=n,address=127.0.0.1:56284
Begin MonoManager ReloadAssembly
Registering precompiled unity dll's ...
Register platform support module: C:/Program Files/Unity/Hub/Editor/2022.3.5f1/Editor/Data/PlaybackEngines/WindowsStandaloneSupport/UnityEditor.WindowsStandalone.Extensions.dll
Registered in 0.015550 seconds.
- Loaded All Assemblies, in  0.611 seconds
Native extension for WindowsStandalone target not found
Mono: successfully reloaded assembly
- Finished resetting the current domain, in  0.700 seconds
Domain Reload Profiling: 1304ms
	BeginReloadAssembly (162ms)
		ExecutionOrderSort (0ms)
		DisableScriptedObjects (0ms)
		BackupInstance (0ms)
		ReleaseScriptingObjects (0ms)
		CreateAndSetChildDomain (1ms)
	RebuildCommonClasses (64ms)
	RebuildNativeTypeToScriptingClass (23ms)
	initialDomainReloadingComplete (111ms)
	LoadAllAssembliesAndSetupDomain (244ms)
		LoadAssemblies (159ms)
		RebuildTransferFunctionScriptingTraits (0ms)
		AnalyzeDomain (233ms)
			TypeCache.Refresh (232ms)
				TypeCache.ScanAssembly (209ms)
			ScanForSourceGeneratedMonoScriptInfo (1ms)
			ResolveRequiredComponents (1ms)
	FinalizeReload (701ms)
		ReleaseScriptCaches (0ms)
		RebuildScriptCaches (0ms)
		SetupLoadedEditorAssemblies (590ms)
			LogAssemblyErrors (0ms)
			InitializePlatformSupportModulesInManaged (16ms)
			SetLoadedEditorAssemblies (12ms)
			RefreshPlugins (0ms)
			BeforeProcessingInitializeOnLoad (4ms)
			ProcessInitializeOnLoadAttributes (410ms)
			ProcessInitializeOnLoadMethodAttributes (148ms)
			AfterProcessingInitializeOnLoad (0ms)
			EditorAssembliesLoaded (0ms)
		ExecutionOrderSort2 (0ms)
		AwakeInstancesAfterBackupRestoration (0ms)
========================================================================
Worker process is ready to serve import requests
Begin MonoManager ReloadAssembly
- Loaded All Assemblies, in  1.162 seconds
Refreshing native plugins compatible for Editor in 4.56 ms, found 2 plugins.
Native extension for WindowsStandalone target not found
Mono: successfully reloaded assembly
- Finished resetting the current domain, in  0.828 seconds
Domain Reload Profiling: 1986ms
	BeginReloadAssembly (363ms)
		ExecutionOrderSort (0ms)
		DisableScriptedObjects (9ms)
		BackupInstance (0ms)
		ReleaseScriptingObjects (0ms)
		CreateAndSetChildDomain (45ms)
	RebuildCommonClasses (85ms)
	RebuildNativeTypeToScriptingClass (28ms)
	initialDomainReloadingComplete (112ms)
	LoadAllAssembliesAndSetupDomain (569ms)
		LoadAssemblies (442ms)
		RebuildTransferFunctionScriptingTraits (0ms)
		AnalyzeDomain (331ms)
			TypeCache.Refresh (313ms)
				TypeCache.ScanAssembly (292ms)
			ScanForSourceGeneratedMonoScriptInfo (12ms)
			ResolveRequiredComponents (6ms)
	FinalizeReload (829ms)
		ReleaseScriptCaches (0ms)
		RebuildScriptCaches (0ms)
		SetupLoadedEditorAssemblies (594ms)
			LogAssemblyErrors (0ms)
			InitializePlatformSupportModulesInManaged (12ms)
			SetLoadedEditorAssemblies (5ms)
			RefreshPlugins (0ms)
			BeforeProcessingInitializeOnLoad (72ms)
			ProcessInitializeOnLoadAttributes (442ms)
			ProcessInitializeOnLoadMethodAttributes (43ms)
			AfterProcessingInitializeOnLoad (21ms)
			EditorAssembliesLoaded (0ms)
		ExecutionOrderSort2 (0ms)
		AwakeInstancesAfterBackupRestoration (12ms)
Launched and connected shader compiler UnityShaderCompiler.exe after 0.09 seconds
Refreshing native plugins compatible for Editor in 11.94 ms, found 2 plugins.
Preloading 0 native plugins for Editor in 0.00 ms.
Unloading 1424 Unused Serialized files (Serialized files now loaded: 0)
Unloading 24 unused Assets / (53.3 KB). Loaded Objects now: 1894.
Memory consumption went from 78.2 MB to 78.1 MB.
Total: 3.481300 ms (FindLiveObjects: 0.187100 ms CreateObjectMapping: 0.091300 ms MarkObjects: 3.094600 ms  DeleteObjects: 0.106900 ms)

AssetImportParameters requested are different than current active one (requested -> active):
  custom:video-encoder-webm-vp8: eb34c28f22e8b96e1ab97ce403110664 -> 
  custom:video-decoder-webm-vp8: 9c59270c3fd7afecdb556c50c9e8de78 -> 
  custom:audio-decoder-ogg-vorbis: bf7c407c2cedff20999df2af8eb42d56 -> 
  custom:container-demuxer-ogg: 62fdf1f143b41e24485cea50d1cbac27 -> 
  custom:AudioImporter_EditorPlatform: d09bf68614088b80899f8185d706f6e7 -> 
  custom:container-demuxer-webm: 4f35f7cbe854078d1ac9338744f61a02 -> 
  custom:video-decoder-ogg-theora: a1e56fd34408186e4bbccfd4996cb3dc -> 
  custom:audio-encoder-webm-vorbis: bf7c407c2cedff20999df2af8eb42d56 -> 
  custom:framework-win-MediaFoundation: 216162199b28c13a410421893ffa2e32 -> 
  custom:container-muxer-webm: aa71ff27fc2769a1b78a27578f13a17b -> 
========================================================================
Received Import Request.
  Time since last request: 1013.526804 seconds.
  path: Assets/Sprites/Nuves.png
  artifactKey: Guid(29d844c1b165b414b981592a7abfc27b) Importer(815301076,1909f56bfc062723c751e8b465ee728b)
Start importing Assets/Sprites/Nuves.png using Guid(29d844c1b165b414b981592a7abfc27b) Importer(815301076,1909f56bfc062723c751e8b465ee728b)  -> (artifact id: '4811e7227f6648529c98cc150f012472') in 0.275991 seconds
Number of updated asset objects reloaded before import = 0
Number of asset objects unloaded after import = 2
========================================================================
Received Import Request.
  Time since last request: 0.001296 seconds.
  path: Assets/Sprites/Coins2.png
  artifactKey: Guid(5a3a33a6792f0e648bd1b4bbc3fd842c) Importer(815301076,1909f56bfc062723c751e8b465ee728b)
Start importing Assets/Sprites/Coins2.png using Guid(5a3a33a6792f0e648bd1b4bbc3fd842c) Importer(815301076,1909f56bfc062723c751e8b465ee728b)  -> (artifact id: '16e9fd59cf474cdf5db5c2170aa45c0a') in 0.440953 seconds
Number of updated asset objects reloaded before import = 0
Number of asset objects unloaded after import = 2
========================================================================
Received Import Request.
  Time since last request: 0.000021 seconds.
  path: Assets/Sprites/Montanas.png
  artifactKey: Guid(9b00c4fcb3c5e2d499f351bbc061ff35) Importer(815301076,1909f56bfc062723c751e8b465ee728b)
Start importing Assets/Sprites/Montanas.png using Guid(9b00c4fcb3c5e2d499f351bbc061ff35) Importer(815301076,1909f56bfc062723c751e8b465ee728b)  -> (artifact id: '4de3f5c2d4991a836f24ecaf19b6b09a') in 0.089061 seconds
Number of updated asset objects reloaded before import = 0
Number of asset objects unloaded after import = 2
========================================================================
Received Import Request.
  Time since last request: 0.000030 seconds.
  path: Assets/Fonts
  artifactKey: Guid(d23e93363bbdbea45b050fa8675f7d99) Importer(815301076,1909f56bfc062723c751e8b465ee728b)
Start importing Assets/Fonts using Guid(d23e93363bbdbea45b050fa8675f7d99) Importer(815301076,1909f56bfc062723c751e8b465ee728b)  -> (artifact id: '7e7c516ebe490401905da9640b094d9b') in 0.000592 seconds
Number of updated asset objects reloaded before import = 0
Number of asset objects unloaded after import = 0
========================================================================
Received Import Request.
  Time since last request: 0.000059 seconds.
  path: Assets/Sprites/Hierbas.png
  artifactKey: Guid(6cce22e45f473d349a8c0944db86d2b8) Importer(815301076,1909f56bfc062723c751e8b465ee728b)
Start importing Assets/Sprites/Hierbas.png using Guid(6cce22e45f473d349a8c0944db86d2b8) Importer(815301076,1909f56bfc062723c751e8b465ee728b)  -> (artifact id: '60166bdb282bc856c426c6552728c5fa') in 0.178485 seconds
Number of updated asset objects reloaded before import = 0
Number of asset objects unloaded after import = 2
========================================================================
Received Import Request.
  Time since last request: 0.001680 seconds.
  path: Assets/Sprites/Banderas.png
  artifactKey: Guid(25d2ab0ebc5e13f459aadedb3d0b2aa4) Importer(815301076,1909f56bfc062723c751e8b465ee728b)
Start importing Assets/Sprites/Banderas.png using Guid(25d2ab0ebc5e13f459aadedb3d0b2aa4) Importer(815301076,1909f56bfc062723c751e8b465ee728b)  -> (artifact id: '4a4bfbc000d9d6d773ef0c144c73e75b') in 0.091072 seconds
Number of updated asset objects reloaded before import = 0
Number of asset objects unloaded after import = 2
========================================================================
Received Import Request.
  Time since last request: 0.000019 seconds.
  path: Assets/Sprites/Ladrillos.png
  artifactKey: Guid(272821defcc64ae4fb09b8b101974f6b) Importer(815301076,1909f56bfc062723c751e8b465ee728b)
Start importing Assets/Sprites/Ladrillos.png using Guid(272821defcc64ae4fb09b8b101974f6b) Importer(815301076,1909f56bfc062723c751e8b465ee728b)  -> (artifact id: 'b0486ace98adc8d2e0991af061640517') in 0.082884 seconds
Number of updated asset objects reloaded before import = 0
Number of asset objects unloaded after import = 2
========================================================================
Received Import Request.
  Time since last request: 0.000215 seconds.
  path: Assets/Sprites/World_1-1_SMB.png
  artifactKey: Guid(3d8889efeafd9e54597b6baafa9afa6a) Importer(815301076,1909f56bfc062723c751e8b465ee728b)
Start importing Assets/Sprites/World_1-1_SMB.png using Guid(3d8889efeafd9e54597b6baafa9afa6a) Importer(815301076,1909f56bfc062723c751e8b465ee728b)  -> (artifact id: '2f5f5ed3d0aa2ab5a660155c614cf72d') in 0.078594 seconds
Number of updated asset objects reloaded before import = 0
Number of asset objects unloaded after import = 2
========================================================================
Received Prepare
Refreshing native plugins compatible for Editor in 3.69 ms, found 2 plugins.
Preloading 0 native plugins for Editor in 0.00 ms.
Unloading 0 Unused Serialized files (Serialized files now loaded: 0)
Unloading 1 unused Assets / (0.8 KB). Loaded Objects now: 1902.
Memory consumption went from 55.2 MB to 55.2 MB.
Total: 4.911800 ms (FindLiveObjects: 0.192300 ms CreateObjectMapping: 0.120200 ms MarkObjects: 4.569600 ms  DeleteObjects: 0.028200 ms)

Prepare: number of updated asset objects reloaded= 0
AssetImportParameters requested are different than current active one (requested -> active):
  custom:video-encoder-webm-vp8: eb34c28f22e8b96e1ab97ce403110664 -> 
  custom:video-decoder-webm-vp8: 9c59270c3fd7afecdb556c50c9e8de78 -> 
  custom:audio-decoder-ogg-vorbis: bf7c407c2cedff20999df2af8eb42d56 -> 
  custom:container-demuxer-ogg: 62fdf1f143b41e24485cea50d1cbac27 -> 
  custom:AudioImporter_EditorPlatform: d09bf68614088b80899f8185d706f6e7 -> 
  custom:CustomObjectIndexerAttribute: 756ad292c208cfabdd7b50bc23989ffe -> 
  custom:container-demuxer-webm: 4f35f7cbe854078d1ac9338744f61a02 -> 
  custom:video-decoder-ogg-theora: a1e56fd34408186e4bbccfd4996cb3dc -> 
  custom:audio-encoder-webm-vorbis: bf7c407c2cedff20999df2af8eb42d56 -> 
  custom:framework-win-MediaFoundation: 216162199b28c13a410421893ffa2e32 -> 
  custom:container-muxer-webm: aa71ff27fc2769a1b78a27578f13a17b -> 
========================================================================
Received Import Request.
  Time since last request: 977.847173 seconds.
  path: Assets/Sounds/Beep.wav
  artifactKey: Guid(1a4c301adb5ffbd4dba2f24239102d46) Importer(815301076,1909f56bfc062723c751e8b465ee728b)
Start importing Assets/Sounds/Beep.wav using Guid(1a4c301adb5ffbd4dba2f24239102d46) Importer(815301076,1909f56bfc062723c751e8b465ee728b)  -> (artifact id: 'bb7f877d3c864980f5251588131b4886') in 0.405196 seconds
Number of updated asset objects reloaded before import = 0
Number of asset objects unloaded after import = 2
========================================================================
Received Import Request.
  Time since last request: 0.000045 seconds.
  path: Assets/Sounds/Bowser Die.wav
  artifactKey: Guid(2458d63cd311dde4683cc93b82a1b36e) Importer(815301076,1909f56bfc062723c751e8b465ee728b)
Start importing Assets/Sounds/Bowser Die.wav using Guid(2458d63cd311dde4683cc93b82a1b36e) Importer(815301076,1909f56bfc062723c751e8b465ee728b)  -> (artifact id: '3b241cb486e173766d62ad30eea1288b') in 0.168511 seconds
Number of updated asset objects reloaded before import = 0
Number of asset objects unloaded after import = 2
========================================================================
Received Import Request.
  Time since last request: 0.000327 seconds.
  path: Assets/Sounds/Jump.wav
  artifactKey: Guid(bacbfb91cd32b974c851f4847a9a20d3) Importer(815301076,1909f56bfc062723c751e8b465ee728b)
Start importing Assets/Sounds/Jump.wav using Guid(bacbfb91cd32b974c851f4847a9a20d3) Importer(815301076,1909f56bfc062723c751e8b465ee728b)  -> (artifact id: '0a5116d1bd34a6be0d04495317267789') in 0.141325 seconds
Number of updated asset objects reloaded before import = 0
Number of asset objects unloaded after import = 2
========================================================================
Received Import Request.
  Time since last request: 0.000019 seconds.
  path: Assets/Sounds/Kick.wav
  artifactKey: Guid(9ece2449396957441b1882d370d9d7de) Importer(815301076,1909f56bfc062723c751e8b465ee728b)
Start importing Assets/Sounds/Kick.wav using Guid(9ece2449396957441b1882d370d9d7de) Importer(815301076,1909f56bfc062723c751e8b465ee728b)  -> (artifact id: '3c13e19d84c636d43ebfa73d729ec0ce') in 0.045623 seconds
Number of updated asset objects reloaded before import = 0
Number of asset objects unloaded after import = 2
========================================================================
Received Import Request.
  Time since last request: 0.001393 seconds.
  path: Assets/Sounds/Flagpole.wav
  artifactKey: Guid(1d69f9c0525a46e47a1c20443df44901) Importer(815301076,1909f56bfc062723c751e8b465ee728b)
Start importing Assets/Sounds/Flagpole.wav using Guid(1d69f9c0525a46e47a1c20443df44901) Importer(815301076,1909f56bfc062723c751e8b465ee728b)  -> (artifact id: '42b13a52f164a763654a24f6957df2d0') in 0.045782 seconds
Number of updated asset objects reloaded before import = 0
Number of asset objects unloaded after import = 2
========================================================================
Received Import Request.
  Time since last request: 0.000146 seconds.
  path: Assets/Sounds/Thwomp.wav
  artifactKey: Guid(3ab056c3e485c1c4c9f39934cf282e1d) Importer(815301076,1909f56bfc062723c751e8b465ee728b)
Start importing Assets/Sounds/Thwomp.wav using Guid(3ab056c3e485c1c4c9f39934cf282e1d) Importer(815301076,1909f56bfc062723c751e8b465ee728b)  -> (artifact id: '68775c8bf00b629e77080cf81c384d07') in 0.022325 seconds
Number of updated asset objects reloaded before import = 0
Number of asset objects unloaded after import = 2
========================================================================
Received Import Request.
  Time since last request: 0.000021 seconds.
  path: Assets/Sounds/Pause.wav
  artifactKey: Guid(8e93d39633fe283468456829aad4489e) Importer(815301076,1909f56bfc062723c751e8b465ee728b)
Start importing Assets/Sounds/Pause.wav using Guid(8e93d39633fe283468456829aad4489e) Importer(815301076,1909f56bfc062723c751e8b465ee728b)  -> (artifact id: 'f6082308944fcfb4a2a1d78020eafc0a') in 0.039556 seconds
Number of updated asset objects reloaded before import = 0
Number of asset objects unloaded after import = 2
========================================================================
Received Import Request.
  Time since last request: 0.000281 seconds.
  path: Assets/Sounds/Squish.wav
  artifactKey: Guid(8c532af47f02cea45998beb0992e91eb) Importer(815301076,1909f56bfc062723c751e8b465ee728b)
Start importing Assets/Sounds/Squish.wav using Guid(8c532af47f02cea45998beb0992e91eb) Importer(815301076,1909f56bfc062723c751e8b465ee728b)  -> (artifact id: '9ea28395b817e4e1e247e2bbabc385a9') in 0.032719 seconds
Number of updated asset objects reloaded before import = 0
Number of asset objects unloaded after import = 2
========================================================================
Received Import Request.
  Time since last request: 0.000567 seconds.
  path: Assets/Sounds/Powerup.wav
  artifactKey: Guid(62701f1aac9c6414186a11edca3aff8c) Importer(815301076,1909f56bfc062723c751e8b465ee728b)
Start importing Assets/Sounds/Powerup.wav using Guid(62701f1aac9c6414186a11edca3aff8c) Importer(815301076,1909f56bfc062723c751e8b465ee728b)  -> (artifact id: '68dbca1defb7d377daf4eed47b10d92c') in 0.028226 seconds
Number of updated asset objects reloaded before import = 0
Number of asset objects unloaded after import = 2
========================================================================
Received Import Request.
  Time since last request: 0.001442 seconds.
  path: Assets/Sounds/Warp.wav
  artifactKey: Guid(965c90fab33e2fa498b4ee933ea398f6) Importer(815301076,1909f56bfc062723c751e8b465ee728b)
Start importing Assets/Sounds/Warp.wav using Guid(965c90fab33e2fa498b4ee933ea398f6) Importer(815301076,1909f56bfc062723c751e8b465ee728b)  -> (artifact id: 'ff55a11b3ac832eae97a01689dd7645a') in 0.028846 seconds
Number of updated asset objects reloaded before import = 0
Number of asset objects unloaded after import = 2
========================================================================
Received Import Request.
  Time since last request: 0.001069 seconds.
  path: Assets/Sounds/Fire Ball.wav
  artifactKey: Guid(4747198fa21d7f041ad5baca0b08aac8) Importer(815301076,1909f56bfc062723c751e8b465ee728b)
Start importing Assets/Sounds/Fire Ball.wav using Guid(4747198fa21d7f041ad5baca0b08aac8) Importer(815301076,1909f56bfc062723c751e8b465ee728b)  -> (artifact id: '9cea0cba8180fda419d27ac3885e3b4b') in 0.016222 seconds
Number of updated asset objects reloaded before import = 0
Number of asset objects unloaded after import = 2
Editor requested this worker to shutdown with reason: Scaling down because of idle timeout
TcpMessagingSession - receive error: operation aborted. errorcode: 995, details: La operación de E/S se anuló por una salida de subproceso o por una solicitud de aplicación.
AssetImportWorker is now disconnected from the server
Process exiting
Exiting without the bug reporter. Application will terminate with return code 0